<?xml version="1.0" encoding="UTF-8"?>
<!-- Generated by org.testng.reporters.JUnitReportReporter -->
<testsuite hostname="DESKTOP-3RHQS1L" failures="0" tests="2" name="ContactPackage.ContactTest" time="0.010" errors="0" timestamp="2024-05-28T12:19:28 IST" skipped="0">
  <testcase classname="ContactPackage.ContactTest" name="createContTest" time="0.009"/>
  <system-out/>
  <testcase classname="ContactPackage.ContactTest" name="deletContTest" time="0.001"/>
  <system-out/>
</testsuite> <!-- ContactPackage.ContactTest -->
