<?xml version="1.0" encoding="UTF-8"?>
<!-- Generated by org.testng.reporters.JUnitReportReporter -->
<testsuite hostname="DESKTOP-3RHQS1L" failures="0" tests="1" name="ContactPackage.demo" time="0.012" errors="0" timestamp="2024-05-28T12:16:33 IST" skipped="0">
  <testcase classname="ContactPackage.demo" name="m1" time="0.012"/>
  <system-out/>
</testsuite> <!-- ContactPackage.demo -->
